#
# A fatal error has been detected by the Java Runtime Environment:
#
#  EXCEPTION_ACCESS_VIOLATION (0xc0000005) at pc=0x00007ff933366b07, pid=6876, tid=17536
#
# JRE version: Java(TM) SE Runtime Environment (17.0.10+11) (build 17.0.10+11-LTS-240)
# Java VM: Java HotSpot(TM) 64-Bit Server VM (17.0.10+11-LTS-240, mixed mode, sharing, tiered, compressed oops, compressed class ptrs, g1 gc, windows-amd64)
# Problematic frame:
# C  [glass.dll+0x26b07]
#
# No core dump will be written. Minidumps are not enabled by default on client versions of Windows
#
# If you would like to submit a bug report, please visit:
#   https://bugreport.java.com/bugreport/crash.jsp
#

---------------  S U M M A R Y ------------

Command Line: -javaagent:C:\Program Files\JetBrains\IntelliJ IDEA Community Edition 2024.3.2.1\lib\idea_rt.jar=51966:C:\Program Files\JetBrains\IntelliJ IDEA Community Edition 2024.3.2.1\bin -Dfile.encoding=UTF-8 --module-path=C:\Users\zerovel\.m2\repository\org\openjfx\javafx-base\17.0.6\javafx-base-17.0.6-win.jar;C:\Users\zerovel\.m2\repository\org\openjfx\javafx-fxml\17.0.6\javafx-fxml-17.0.6-win.jar;C:\Users\zerovel\IdeaProjects\first-app\target\classes;C:\Users\zerovel\.m2\repository\org\mindrot\jbcrypt\0.4\jbcrypt-0.4.jar;C:\Users\zerovel\.m2\repository\org\openjfx\javafx-graphics\17.0.6\javafx-graphics-17.0.6-win.jar;C:\Users\zerovel\.m2\repository\org\openjfx\javafx-controls\17.0.6\javafx-controls-17.0.6-win.jar -Djdk.module.main=com.aziz.demo com.aziz.demo/com.aziz.demo.MainApplication

Host: 11th Gen Intel(R) Core(TM) i5-11400H @ 2.70GHz, 12 cores, 15G,  Windows 10 , 64 bit Build 19041 (10.0.19041.5198)
Time: Wed Feb  5 17:39:29 2025  Windows 10 , 64 bit Build 19041 (10.0.19041.5198) elapsed time: 20.295941 seconds (0d 0h 0m 20s)

---------------  T H R E A D  ---------------

Current thread (0x000001492f744240):  VMThread "VM Thread" [stack: 0x0000003352600000,0x0000003352700000] [id=17536]

Stack: [0x0000003352600000,0x0000003352700000],  sp=0x00000033526ff490,  free space=1021k
Native frames: (J=compiled Java code, j=interpreted, Vv=VM code, C=native code)
C  [glass.dll+0x26b07]


siginfo: EXCEPTION_ACCESS_VIOLATION (0xc0000005), reading address 0x0000000000000000


Registers:
RAX=0x0000000000000000, RBX=0x000001492f756be8, RCX=0x000001492f744240, RDX=0x00000033526ff490
RSP=0x00000033526ff490, RBP=0x0000014975548e58, RSI=0x0000014975548e30, RDI=0x00003232886dfebd
R8 =0x0000000000010002, R9 =0x00003232886dfebd, R10=0x0000000000008000, R11=0x00000033526ff420
R12=0x00007ff9333643d4, R13=0x00007ff8ea572230, R14=0x00000033526ff588, R15=0x0000014975548e30
RIP=0x00007ff933366b07, EFLAGS=0x0000000000010206


Register to memory mapping:

RIP=0x00007ff933366b07 glass.dll
RAX=0x0 is NULL
RBX=0x000001492f756be8 is a global jni handle
RCX=0x000001492f744240 points into unknown readable memory: 0x00007ff8ea3b6fa8 | a8 6f 3b ea f8 7f 00 00
RDX=0x00000033526ff490 points into unknown readable memory: 0x0000000000000000 | 00 00 00 00 00 00 00 00
RSP=0x00000033526ff490 points into unknown readable memory: 0x0000000000000000 | 00 00 00 00 00 00 00 00
RBP=0x0000014975548e58 points into unknown readable memory: 0x00003232886dfebd | bd fe 6d 88 32 32 00 00
RSI=0x0000014975548e30 points into unknown readable memory: 0x80003dcdae0b3960 | 60 39 0b ae cd 3d 00 80
RDI=0x00003232886dfebd is an unknown value
R8 =0x0000000000010002 is an unknown value
R9 =0x00003232886dfebd is an unknown value
R10=0x0000000000008000 is an unknown value
R11=0x00000033526ff420 points into unknown readable memory: 0x0000014975548e30 | 30 8e 54 75 49 01 00 00
R12=0x00007ff9333643d4 glass.dll
R13=0x00007ff8ea572230 jvm.dll
R14=0x00000033526ff588 points into unknown readable memory: 0x00000033526ff570 | 70 f5 6f 52 33 00 00 00
R15=0x0000014975548e30 points into unknown readable memory: 0x80003dcdae0b3960 | 60 39 0b ae cd 3d 00 80


Top of Stack: (sp=0x00000033526ff490)
0x00000033526ff490:   0000000000000000 0000014975548e30
0x00000033526ff4a0:   00007ff8ea572230 00007ff9333643d4
0x00000033526ff4b0:   0000014975548e38 00007ff9606642d6
0x00000033526ff4c0:   00003232886dfebd 0000014900000000
0x00000033526ff4d0:   0000014975548e58 0000014975548e30
0x00000033526ff4e0:   fffffffffffffffe 0000000000000000
0x00000033526ff4f0:   0000000000000001 00007ff933340000
0x00000033526ff500:   00000033526ff578 00007ff9606641fb
0x00000033526ff510:   0000000000000000 00000033526ff588
0x00000033526ff520:   00000033526ff860 00007ff960740e40
0x00000033526ff530:   0000000000000001 00007ff9606641b4
0x00000033526ff540:   0000000000000000 0000000000000001
0x00000033526ff550:   00007ff900000001 00000033526ff578
0x00000033526ff560:   0000000000000000 00007ff933364261
0x00000033526ff570:   00007ff93337a138 00007ff900000002
0x00000033526ff580:   0000000000000002 00000033526ff570 

Instructions: (pc=0x00007ff933366b07)
0x00007ff933366a07:   8b 4d 58 e8 01 cf ff ff 48 8b 4d 60 e8 f8 ce ff
0x00007ff933366a17:   ff 48 8b 95 80 00 00 00 48 8b 8d 18 01 00 00 e8
0x00007ff933366a27:   c6 c3 ff ff 33 d2 33 c9 e8 3c e1 ff ff 90 48 89
0x00007ff933366a37:   54 24 10 55 48 83 ec 20 48 8b ea 48 b8 00 00 00
0x00007ff933366a47:   00 00 00 00 00 48 83 c4 20 5d c3 cc 40 55 48 8b
0x00007ff933366a57:   ea 48 8b 01 33 c9 81 38 05 00 00 c0 0f 94 c1 8b
0x00007ff933366a67:   c1 5d c3 cc 40 55 48 83 ec 20 48 8b ea 8a 4d 40
0x00007ff933366a77:   48 83 c4 20 5d e9 f7 d2 ff ff cc 40 55 48 83 ec
0x00007ff933366a87:   20 48 8b ea 8a 4d 20 e8 e5 d2 ff ff 90 48 83 c4
0x00007ff933366a97:   20 5d c3 cc 40 55 48 83 ec 20 48 8b ea 48 83 c4
0x00007ff933366aa7:   20 5d e9 46 d1 ff ff cc 40 55 48 83 ec 30 48 8b
0x00007ff933366ab7:   ea 48 8b 01 8b 10 48 89 4c 24 28 89 54 24 20 4c
0x00007ff933366ac7:   8d 0d e7 d5 ff ff 4c 8b 45 70 8b 55 68 48 8b 4d
0x00007ff933366ad7:   60 e8 87 d0 ff ff 90 48 83 c4 30 5d c3 cc cc cc
0x00007ff933366ae7:   cc cc cc cc cc cc cc cc cc 40 53 48 83 ec 20 48
0x00007ff933366af7:   8b 1d 33 30 01 00 48 85 db 74 16 e8 09 8b ff ff
0x00007ff933366b07:   4c 8b 00 48 8b d3 48 8b c8 41 ff 90 b0 00 00 00
0x00007ff933366b17:   90 48 83 c4 20 5b c3 cc cc 40 53 48 83 ec 20 48
0x00007ff933366b27:   8b 1d ab 31 01 00 48 85 db 74 57 b8 ff ff ff ff
0x00007ff933366b37:   f0 0f c1 43 10 83 f8 01 75 3d 48 85 db 74 38 48
0x00007ff933366b47:   8b 0b 48 85 c9 74 0d ff 15 54 07 00 00 48 c7 03
0x00007ff933366b57:   00 00 00 00 48 8b 4b 08 48 85 c9 74 0d e8 a7 cd
0x00007ff933366b67:   ff ff 48 c7 43 08 00 00 00 00 ba 18 00 00 00 48
0x00007ff933366b77:   8b cb e8 92 cd ff ff 48 c7 05 4f 31 01 00 00 00
0x00007ff933366b87:   00 00 48 83 c4 20 5b c3 cc 40 53 48 83 ec 20 48
0x00007ff933366b97:   8b 1d 1b 31 01 00 48 85 db 74 57 b8 ff ff ff ff
0x00007ff933366ba7:   f0 0f c1 43 10 83 f8 01 75 3d 48 85 db 74 38 48
0x00007ff933366bb7:   8b 0b 48 85 c9 74 0d ff 15 e4 06 00 00 48 c7 03
0x00007ff933366bc7:   00 00 00 00 48 8b 4b 08 48 85 c9 74 0d e8 37 cd
0x00007ff933366bd7:   ff ff 48 c7 43 08 00 00 00 00 ba 18 00 00 00 48
0x00007ff933366be7:   8b cb e8 22 cd ff ff 48 c7 05 bf 30 01 00 00 00
0x00007ff933366bf7:   00 00 48 83 c4 20 5b c3 cc 40 53 48 83 ec 20 48 


Stack slot to memory mapping:
stack at sp + 0 slots: 0x0 is NULL
stack at sp + 1 slots: 0x0000014975548e30 points into unknown readable memory: 0x80003dcdae0b3960 | 60 39 0b ae cd 3d 00 80
stack at sp + 2 slots: 0x00007ff8ea572230 jvm.dll
stack at sp + 3 slots: 0x00007ff9333643d4 glass.dll
stack at sp + 4 slots: 0x0000014975548e38 points into unknown readable memory: 0x00003232886dfebd | bd fe 6d 88 32 32 00 00
stack at sp + 5 slots: 0x00007ff9606642d6 ucrtbase.dll
stack at sp + 6 slots: 0x00003232886dfebd is an unknown value
stack at sp + 7 slots: 0x0000014900000000 is an unknown value

VM_Operation (0x00000033550fed90): Exit, mode: safepoint, requested by thread 0x0000014975553580


---------------  P R O C E S S  ---------------

Threads class SMR info:
_java_thread_list=0x000001497ae84de0, length=21, elements={
0x000001490c74adc0, 0x000001492f7493c0, 0x000001492f749c90, 0x000001492f75e270,
0x000001492f75eb40, 0x000001492f761630, 0x000001492f761f00, 0x000001492f763b30,
0x000001492f767480, 0x000001492f7679a0, 0x000001492f968330, 0x000001492fbcbaf0,
0x000001492fbcbfd0, 0x000001497541c240, 0x0000014975552650, 0x0000014975553fa0,
0x0000014975552140, 0x00000149755544b0, 0x00000149755549c0, 0x0000014975553070,
0x0000014975553580
}

Java Threads: ( => current thread )
  0x000001490c74adc0 JavaThread "main" [_thread_blocked, id=14452, stack(0x0000003352000000,0x0000003352100000)]
  0x000001492f7493c0 JavaThread "Reference Handler" daemon [_thread_blocked, id=6320, stack(0x0000003352700000,0x0000003352800000)]
  0x000001492f749c90 JavaThread "Finalizer" daemon [_thread_blocked, id=1600, stack(0x0000003352800000,0x0000003352900000)]
  0x000001492f75e270 JavaThread "Signal Dispatcher" daemon [_thread_blocked, id=7244, stack(0x0000003352900000,0x0000003352a00000)]
  0x000001492f75eb40 JavaThread "Attach Listener" daemon [_thread_blocked, id=14680, stack(0x0000003352a00000,0x0000003352b00000)]
  0x000001492f761630 JavaThread "Service Thread" daemon [_thread_blocked, id=608, stack(0x0000003352b00000,0x0000003352c00000)]
  0x000001492f761f00 JavaThread "Monitor Deflation Thread" daemon [_thread_blocked, id=10548, stack(0x0000003352c00000,0x0000003352d00000)]
  0x000001492f763b30 JavaThread "C2 CompilerThread0" daemon [_thread_blocked, id=10756, stack(0x0000003352d00000,0x0000003352e00000)]
  0x000001492f767480 JavaThread "C1 CompilerThread0" daemon [_thread_blocked, id=18412, stack(0x0000003352e00000,0x0000003352f00000)]
  0x000001492f7679a0 JavaThread "Sweeper thread" daemon [_thread_blocked, id=3200, stack(0x0000003352f00000,0x0000003353000000)]
  0x000001492f968330 JavaThread "Common-Cleaner" daemon [_thread_blocked, id=12684, stack(0x0000003353000000,0x0000003353100000)]
  0x000001492fbcbaf0 JavaThread "Monitor Ctrl-Break" daemon [_thread_in_native, id=10352, stack(0x0000003353300000,0x0000003353400000)]
  0x000001492fbcbfd0 JavaThread "Notification Thread" daemon [_thread_blocked, id=16820, stack(0x0000003353400000,0x0000003353500000)]
  0x000001497541c240 JavaThread "QuantumRenderer-0" daemon [_thread_blocked, id=11336, stack(0x0000003353600000,0x0000003353700000)]
  0x0000014975552650 JavaThread "InvokeLaterDispatcher" daemon [_thread_blocked, id=3624, stack(0x0000003353700000,0x0000003353800000)]
  0x0000014975553fa0 JavaThread "JavaFX Application Thread" [_thread_in_native, id=15228, stack(0x0000003353800000,0x0000003353900000)]
  0x0000014975552140 JavaThread "JavaFX-Launcher" [_thread_blocked, id=15512, stack(0x0000003353d00000,0x0000003353e00000)]
  0x00000149755544b0 JavaThread "Thread-2" daemon [_thread_in_native, id=16688, stack(0x0000003353c00000,0x0000003353d00000)]
  0x00000149755549c0 JavaThread "Prism Font Disposer" daemon [_thread_blocked, id=14464, stack(0x0000003354600000,0x0000003354700000)]
  0x0000014975553070 JavaThread "Cleaner-0" daemon [_thread_blocked, id=3392, stack(0x0000003354700000,0x0000003354800000)]
  0x0000014975553580 JavaThread "SIGINT handler" daemon [_thread_blocked, id=12764, stack(0x0000003355000000,0x0000003355100000)]

Other Threads:
=>0x000001492f744240 VMThread "VM Thread" [stack: 0x0000003352600000,0x0000003352700000] [id=17536]
  0x000001490c7b66b0 GCTaskThread "GC Thread#0" [stack: 0x0000003352100000,0x0000003352200000] [id=14644]
  0x000001497aed6860 GCTaskThread "GC Thread#1" [stack: 0x0000003353e00000,0x0000003353f00000] [id=17396]
  0x000001497ae50b40 GCTaskThread "GC Thread#2" [stack: 0x0000003353f00000,0x0000003354000000] [id=10328]
  0x000001497ae4c500 GCTaskThread "GC Thread#3" [stack: 0x0000003354000000,0x0000003354100000] [id=16356]
  0x000001497aee8b70 GCTaskThread "GC Thread#4" [stack: 0x0000003354100000,0x0000003354200000] [id=9284]
  0x00000149757c64b0 GCTaskThread "GC Thread#5" [stack: 0x0000003354200000,0x0000003354300000] [id=16308]
  0x000001497b961010 GCTaskThread "GC Thread#6" [stack: 0x0000003354800000,0x0000003354900000] [id=10140]
  0x00000149757f5c70 GCTaskThread "GC Thread#7" [stack: 0x0000003354900000,0x0000003354a00000] [id=12104]
  0x000001497dd124e0 GCTaskThread "GC Thread#8" [stack: 0x0000003354a00000,0x0000003354b00000] [id=17820]
  0x000001497bc24090 GCTaskThread "GC Thread#9" [stack: 0x0000003354b00000,0x0000003354c00000] [id=12604]
  0x000001490c7c8ff0 ConcurrentGCThread "G1 Main Marker" terminated
  0x000001490c7c9fb0 ConcurrentGCThread "G1 Conc#0" [stack: 0x0000003352300000,0x0000003352400000] [id=17120]
  0x000001490c81cfe0 ConcurrentGCThread "G1 Refine#0" terminated
  0x000001490c81d820 ConcurrentGCThread "G1 Service" terminated

Threads with active compile tasks:
C1 CompilerThread0  
[error occurred during error reporting (printing all threads), id 0xc0000005, EXCEPTION_ACCESS_VIOLATION (0xc0000005) at pc=0x00007ff8ea1c7233]

VM state: at safepoint (shutting down)

VM Mutex/Monitor currently owned by a thread:  ([mutex/lock_event])
[0x000001490c745430] Threads_lock - owner thread: 0x000001492f744240
[0x000001490c746510] Heap_lock - owner thread: 0x0000014975553580

Heap address: 0x0000000704400000, size: 4028 MB, Compressed Oops mode: Zero based, Oop shift amount: 3

CDS archive(s) mapped at: [0x0000014930000000-0x0000014930bd0000-0x0000014930bd0000), size 12386304, SharedBaseAddress: 0x0000014930000000, ArchiveRelocationMode: 1.
Compressed class space mapped at: 0x0000014931000000-0x0000014971000000, reserved size: 1073741824
Narrow klass base: 0x0000014930000000, Narrow klass shift: 0, Narrow klass range: 0x100000000

GC Precious Log:
 CPUs: 12 total, 12 available
 Memory: 16106M
 Large Page Support: Disabled
 NUMA Support: Disabled
 Compressed Oops: Enabled (Zero based)
 Heap Region Size: 2M
 Heap Min Capacity: 8M
 Heap Initial Capacity: 252M
 Heap Max Capacity: 4028M
 Pre-touch: Disabled
 Parallel Workers: 10
 Concurrent Workers: 3
 Concurrent Refinement Workers: 10
 Periodic GC: Disabled

Heap:
 garbage-first heap   total 258048K, used 29946K [0x0000000704400000, 0x0000000800000000)
  region size 2048K, 14 young (28672K), 3 survivors (6144K)
 Metaspace       used 19150K, committed 19392K, reserved 1114112K
  class space    used 2581K, committed 2688K, reserved 1048576K

Heap Regions: E=young(eden), S=young(survivor), O=old, HS=humongous(starts), HC=humongous(continues), CS=collection set, F=free, OA=open archive, CA=closed archive, TAMS=top-at-mark-start (previous, next)
|   0|0x0000000704400000, 0x0000000704600000, 0x0000000704600000|100%|HS|  |TAMS 0x0000000704400000, 0x0000000704400000| Complete 
|   1|0x0000000704600000, 0x000000070473e800, 0x0000000704800000| 62%| O|  |TAMS 0x0000000704600000, 0x0000000704600000| Untracked 
|   2|0x0000000704800000, 0x0000000704800000, 0x0000000704a00000|  0%| F|  |TAMS 0x0000000704800000, 0x0000000704800000| Untracked 
|   3|0x0000000704a00000, 0x0000000704a00000, 0x0000000704c00000|  0%| F|  |TAMS 0x0000000704a00000, 0x0000000704a00000| Untracked 
|   4|0x0000000704c00000, 0x0000000704c00000, 0x0000000704e00000|  0%| F|  |TAMS 0x0000000704c00000, 0x0000000704c00000| Untracked 
|   5|0x0000000704e00000, 0x0000000704e00000, 0x0000000705000000|  0%| F|  |TAMS 0x0000000704e00000, 0x0000000704e00000| Untracked 
|   6|0x0000000705000000, 0x0000000705000000, 0x0000000705200000|  0%| F|  |TAMS 0x0000000705000000, 0x0000000705000000| Untracked 
|   7|0x0000000705200000, 0x0000000705200000, 0x0000000705400000|  0%| F|  |TAMS 0x0000000705200000, 0x0000000705200000| Untracked 
|   8|0x0000000705400000, 0x0000000705400000, 0x0000000705600000|  0%| F|  |TAMS 0x0000000705400000, 0x0000000705400000| Untracked 
|   9|0x0000000705600000, 0x0000000705600000, 0x0000000705800000|  0%| F|  |TAMS 0x0000000705600000, 0x0000000705600000| Untracked 
|  10|0x0000000705800000, 0x0000000705800000, 0x0000000705a00000|  0%| F|  |TAMS 0x0000000705800000, 0x0000000705800000| Untracked 
|  11|0x0000000705a00000, 0x0000000705a00000, 0x0000000705c00000|  0%| F|  |TAMS 0x0000000705a00000, 0x0000000705a00000| Untracked 
|  12|0x0000000705c00000, 0x0000000705c00000, 0x0000000705e00000|  0%| F|  |TAMS 0x0000000705c00000, 0x0000000705c00000| Untracked 
|  13|0x0000000705e00000, 0x0000000705e00000, 0x0000000706000000|  0%| F|  |TAMS 0x0000000705e00000, 0x0000000705e00000| Untracked 
|  14|0x0000000706000000, 0x0000000706000000, 0x0000000706200000|  0%| F|  |TAMS 0x0000000706000000, 0x0000000706000000| Untracked 
|  15|0x0000000706200000, 0x0000000706200000, 0x0000000706400000|  0%| F|  |TAMS 0x0000000706200000, 0x0000000706200000| Untracked 
|  16|0x0000000706400000, 0x0000000706400000, 0x0000000706600000|  0%| F|  |TAMS 0x0000000706400000, 0x0000000706400000| Untracked 
|  17|0x0000000706600000, 0x0000000706600000, 0x0000000706800000|  0%| F|  |TAMS 0x0000000706600000, 0x0000000706600000| Untracked 
|  18|0x0000000706800000, 0x0000000706800000, 0x0000000706a00000|  0%| F|  |TAMS 0x0000000706800000, 0x0000000706800000| Untracked 
|  19|0x0000000706a00000, 0x0000000706a00000, 0x0000000706c00000|  0%| F|  |TAMS 0x0000000706a00000, 0x0000000706a00000| Untracked 
|  20|0x0000000706c00000, 0x0000000706c00000, 0x0000000706e00000|  0%| F|  |TAMS 0x0000000706c00000, 0x0000000706c00000| Untracked 
|  21|0x0000000706e00000, 0x0000000706e00000, 0x0000000707000000|  0%| F|  |TAMS 0x0000000706e00000, 0x0000000706e00000| Untracked 
|  22|0x0000000707000000, 0x0000000707000000, 0x0000000707200000|  0%| F|  |TAMS 0x0000000707000000, 0x0000000707000000| Untracked 
|  23|0x0000000707200000, 0x0000000707200000, 0x0000000707400000|  0%| F|  |TAMS 0x0000000707200000, 0x0000000707200000| Untracked 
|  24|0x0000000707400000, 0x0000000707400000, 0x0000000707600000|  0%| F|  |TAMS 0x0000000707400000, 0x0000000707400000| Untracked 
|  25|0x0000000707600000, 0x0000000707600000, 0x0000000707800000|  0%| F|  |TAMS 0x0000000707600000, 0x0000000707600000| Untracked 
|  26|0x0000000707800000, 0x0000000707800000, 0x0000000707a00000|  0%| F|  |TAMS 0x0000000707800000, 0x0000000707800000| Untracked 
|  27|0x0000000707a00000, 0x0000000707a00000, 0x0000000707c00000|  0%| F|  |TAMS 0x0000000707a00000, 0x0000000707a00000| Untracked 
|  28|0x0000000707c00000, 0x0000000707c00000, 0x0000000707e00000|  0%| F|  |TAMS 0x0000000707c00000, 0x0000000707c00000| Untracked 
|  29|0x0000000707e00000, 0x0000000707e00000, 0x0000000708000000|  0%| F|  |TAMS 0x0000000707e00000, 0x0000000707e00000| Untracked 
|  30|0x0000000708000000, 0x0000000708000000, 0x0000000708200000|  0%| F|  |TAMS 0x0000000708000000, 0x0000000708000000| Untracked 
|  31|0x0000000708200000, 0x0000000708200000, 0x0000000708400000|  0%| F|  |TAMS 0x0000000708200000, 0x0000000708200000| Untracked 
|  32|0x0000000708400000, 0x0000000708400000, 0x0000000708600000|  0%| F|  |TAMS 0x0000000708400000, 0x0000000708400000| Untracked 
|  33|0x0000000708600000, 0x0000000708600000, 0x0000000708800000|  0%| F|  |TAMS 0x0000000708600000, 0x0000000708600000| Untracked 
|  34|0x0000000708800000, 0x0000000708800000, 0x0000000708a00000|  0%| F|  |TAMS 0x0000000708800000, 0x0000000708800000| Untracked 
|  35|0x0000000708a00000, 0x0000000708a00000, 0x0000000708c00000|  0%| F|  |TAMS 0x0000000708a00000, 0x0000000708a00000| Untracked 
|  36|0x0000000708c00000, 0x0000000708c00000, 0x0000000708e00000|  0%| F|  |TAMS 0x0000000708c00000, 0x0000000708c00000| Untracked 
|  37|0x0000000708e00000, 0x0000000708e00000, 0x0000000709000000|  0%| F|  |TAMS 0x0000000708e00000, 0x0000000708e00000| Untracked 
|  38|0x0000000709000000, 0x0000000709000000, 0x0000000709200000|  0%| F|  |TAMS 0x0000000709000000, 0x0000000709000000| Untracked 
|  39|0x0000000709200000, 0x0000000709200000, 0x0000000709400000|  0%| F|  |TAMS 0x0000000709200000, 0x0000000709200000| Untracked 
|  40|0x0000000709400000, 0x0000000709400000, 0x0000000709600000|  0%| F|  |TAMS 0x0000000709400000, 0x0000000709400000| Untracked 
|  41|0x0000000709600000, 0x0000000709600000, 0x0000000709800000|  0%| F|  |TAMS 0x0000000709600000, 0x0000000709600000| Untracked 
|  42|0x0000000709800000, 0x0000000709800000, 0x0000000709a00000|  0%| F|  |TAMS 0x0000000709800000, 0x0000000709800000| Untracked 
|  43|0x0000000709a00000, 0x0000000709a00000, 0x0000000709c00000|  0%| F|  |TAMS 0x0000000709a00000, 0x0000000709a00000| Untracked 
|  44|0x0000000709c00000, 0x0000000709c00000, 0x0000000709e00000|  0%| F|  |TAMS 0x0000000709c00000, 0x0000000709c00000| Untracked 
|  45|0x0000000709e00000, 0x0000000709e00000, 0x000000070a000000|  0%| F|  |TAMS 0x0000000709e00000, 0x0000000709e00000| Untracked 
|  46|0x000000070a000000, 0x000000070a000000, 0x000000070a200000|  0%| F|  |TAMS 0x000000070a000000, 0x000000070a000000| Untracked 
|  47|0x000000070a200000, 0x000000070a200000, 0x000000070a400000|  0%| F|  |TAMS 0x000000070a200000, 0x000000070a200000| Untracked 
|  48|0x000000070a400000, 0x000000070a400000, 0x000000070a600000|  0%| F|  |TAMS 0x000000070a400000, 0x000000070a400000| Untracked 
|  49|0x000000070a600000, 0x000000070a600000, 0x000000070a800000|  0%| F|  |TAMS 0x000000070a600000, 0x000000070a600000| Untracked 
|  50|0x000000070a800000, 0x000000070a800000, 0x000000070aa00000|  0%| F|  |TAMS 0x000000070a800000, 0x000000070a800000| Untracked 
|  51|0x000000070aa00000, 0x000000070aa00000, 0x000000070ac00000|  0%| F|  |TAMS 0x000000070aa00000, 0x000000070aa00000| Untracked 
|  52|0x000000070ac00000, 0x000000070ac00000, 0x000000070ae00000|  0%| F|  |TAMS 0x000000070ac00000, 0x000000070ac00000| Untracked 
|  53|0x000000070ae00000, 0x000000070ae00000, 0x000000070b000000|  0%| F|  |TAMS 0x000000070ae00000, 0x000000070ae00000| Untracked 
|  54|0x000000070b000000, 0x000000070b000000, 0x000000070b200000|  0%| F|  |TAMS 0x000000070b000000, 0x000000070b000000| Untracked 
|  55|0x000000070b200000, 0x000000070b200000, 0x000000070b400000|  0%| F|  |TAMS 0x000000070b200000, 0x000000070b200000| Untracked 
|  56|0x000000070b400000, 0x000000070b400000, 0x000000070b600000|  0%| F|  |TAMS 0x000000070b400000, 0x000000070b400000| Untracked 
|  57|0x000000070b600000, 0x000000070b600000, 0x000000070b800000|  0%| F|  |TAMS 0x000000070b600000, 0x000000070b600000| Untracked 
|  58|0x000000070b800000, 0x000000070b800000, 0x000000070ba00000|  0%| F|  |TAMS 0x000000070b800000, 0x000000070b800000| Untracked 
|  59|0x000000070ba00000, 0x000000070ba00000, 0x000000070bc00000|  0%| F|  |TAMS 0x000000070ba00000, 0x000000070ba00000| Untracked 
|  60|0x000000070bc00000, 0x000000070bc00000, 0x000000070be00000|  0%| F|  |TAMS 0x000000070bc00000, 0x000000070bc00000| Untracked 
|  61|0x000000070be00000, 0x000000070be00000, 0x000000070c000000|  0%| F|  |TAMS 0x000000070be00000, 0x000000070be00000| Untracked 
|  62|0x000000070c000000, 0x000000070c000000, 0x000000070c200000|  0%| F|  |TAMS 0x000000070c000000, 0x000000070c000000| Untracked 
|  63|0x000000070c200000, 0x000000070c200000, 0x000000070c400000|  0%| F|  |TAMS 0x000000070c200000, 0x000000070c200000| Untracked 
|  64|0x000000070c400000, 0x000000070c400000, 0x000000070c600000|  0%| F|  |TAMS 0x000000070c400000, 0x000000070c400000| Untracked 
|  65|0x000000070c600000, 0x000000070c600000, 0x000000070c800000|  0%| F|  |TAMS 0x000000070c600000, 0x000000070c600000| Untracked 
|  66|0x000000070c800000, 0x000000070c800000, 0x000000070ca00000|  0%| F|  |TAMS 0x000000070c800000, 0x000000070c800000| Untracked 
|  67|0x000000070ca00000, 0x000000070ca00000, 0x000000070cc00000|  0%| F|  |TAMS 0x000000070ca00000, 0x000000070ca00000| Untracked 
|  68|0x000000070cc00000, 0x000000070cc00000, 0x000000070ce00000|  0%| F|  |TAMS 0x000000070cc00000, 0x000000070cc00000| Untracked 
|  69|0x000000070ce00000, 0x000000070ce00000, 0x000000070d000000|  0%| F|  |TAMS 0x000000070ce00000, 0x000000070ce00000| Untracked 
|  70|0x000000070d000000, 0x000000070d000000, 0x000000070d200000|  0%| F|  |TAMS 0x000000070d000000, 0x000000070d000000| Untracked 
|  71|0x000000070d200000, 0x000000070d200000, 0x000000070d400000|  0%| F|  |TAMS 0x000000070d200000, 0x000000070d200000| Untracked 
|  72|0x000000070d400000, 0x000000070d400000, 0x000000070d600000|  0%| F|  |TAMS 0x000000070d400000, 0x000000070d400000| Untracked 
|  73|0x000000070d600000, 0x000000070d600000, 0x000000070d800000|  0%| F|  |TAMS 0x000000070d600000, 0x000000070d600000| Untracked 
|  74|0x000000070d800000, 0x000000070d800000, 0x000000070da00000|  0%| F|  |TAMS 0x000000070d800000, 0x000000070d800000| Untracked 
|  75|0x000000070da00000, 0x000000070da00000, 0x000000070dc00000|  0%| F|  |TAMS 0x000000070da00000, 0x000000070da00000| Untracked 
|  76|0x000000070dc00000, 0x000000070dc00000, 0x000000070de00000|  0%| F|  |TAMS 0x000000070dc00000, 0x000000070dc00000| Untracked 
|  77|0x000000070de00000, 0x000000070de00000, 0x000000070e000000|  0%| F|  |TAMS 0x000000070de00000, 0x000000070de00000| Untracked 
|  78|0x000000070e000000, 0x000000070e000000, 0x000000070e200000|  0%| F|  |TAMS 0x000000070e000000, 0x000000070e000000| Untracked 
|  79|0x000000070e200000, 0x000000070e200000, 0x000000070e400000|  0%| F|  |TAMS 0x000000070e200000, 0x000000070e200000| Untracked 
|  80|0x000000070e400000, 0x000000070e400000, 0x000000070e600000|  0%| F|  |TAMS 0x000000070e400000, 0x000000070e400000| Untracked 
|  81|0x000000070e600000, 0x000000070e600000, 0x000000070e800000|  0%| F|  |TAMS 0x000000070e600000, 0x000000070e600000| Untracked 
|  82|0x000000070e800000, 0x000000070e800000, 0x000000070ea00000|  0%| F|  |TAMS 0x000000070e800000, 0x000000070e800000| Untracked 
|  83|0x000000070ea00000, 0x000000070ea00000, 0x000000070ec00000|  0%| F|  |TAMS 0x000000070ea00000, 0x000000070ea00000| Untracked 
|  84|0x000000070ec00000, 0x000000070ec00000, 0x000000070ee00000|  0%| F|  |TAMS 0x000000070ec00000, 0x000000070ec00000| Untracked 
|  85|0x000000070ee00000, 0x000000070ee00000, 0x000000070f000000|  0%| F|  |TAMS 0x000000070ee00000, 0x000000070ee00000| Untracked 
|  86|0x000000070f000000, 0x000000070f000000, 0x000000070f200000|  0%| F|  |TAMS 0x000000070f000000, 0x000000070f000000| Untracked 
|  87|0x000000070f200000, 0x000000070f200000, 0x000000070f400000|  0%| F|  |TAMS 0x000000070f200000, 0x000000070f200000| Untracked 
|  88|0x000000070f400000, 0x000000070f400000, 0x000000070f600000|  0%| F|  |TAMS 0x000000070f400000, 0x000000070f400000| Untracked 
|  89|0x000000070f600000, 0x000000070f600000, 0x000000070f800000|  0%| F|  |TAMS 0x000000070f600000, 0x000000070f600000| Untracked 
|  90|0x000000070f800000, 0x000000070f800000, 0x000000070fa00000|  0%| F|  |TAMS 0x000000070f800000, 0x000000070f800000| Untracked 
|  91|0x000000070fa00000, 0x000000070fa00000, 0x000000070fc00000|  0%| F|  |TAMS 0x000000070fa00000, 0x000000070fa00000| Untracked 
|  92|0x000000070fc00000, 0x000000070fc00000, 0x000000070fe00000|  0%| F|  |TAMS 0x000000070fc00000, 0x000000070fc00000| Untracked 
|  93|0x000000070fe00000, 0x000000070fe00000, 0x0000000710000000|  0%| F|  |TAMS 0x000000070fe00000, 0x000000070fe00000| Untracked 
|  94|0x0000000710000000, 0x0000000710000000, 0x0000000710200000|  0%| F|  |TAMS 0x0000000710000000, 0x0000000710000000| Untracked 
|  95|0x0000000710200000, 0x0000000710200000, 0x0000000710400000|  0%| F|  |TAMS 0x0000000710200000, 0x0000000710200000| Untracked 
|  96|0x0000000710400000, 0x0000000710400000, 0x0000000710600000|  0%| F|  |TAMS 0x0000000710400000, 0x0000000710400000| Untracked 
|  97|0x0000000710600000, 0x0000000710600000, 0x0000000710800000|  0%| F|  |TAMS 0x0000000710600000, 0x0000000710600000| Untracked 
|  98|0x0000000710800000, 0x0000000710800000, 0x0000000710a00000|  0%| F|  |TAMS 0x0000000710800000, 0x0000000710800000| Untracked 
|  99|0x0000000710a00000, 0x0000000710a00000, 0x0000000710c00000|  0%| F|  |TAMS 0x0000000710a00000, 0x0000000710a00000| Untracked 
| 100|0x0000000710c00000, 0x0000000710c00000, 0x0000000710e00000|  0%| F|  |TAMS 0x0000000710c00000, 0x0000000710c00000| Untracked 
| 101|0x0000000710e00000, 0x0000000710e00000, 0x0000000711000000|  0%| F|  |TAMS 0x0000000710e00000, 0x0000000710e00000| Untracked 
| 102|0x0000000711000000, 0x0000000711000000, 0x0000000711200000|  0%| F|  |TAMS 0x0000000711000000, 0x0000000711000000| Untracked 
| 103|0x0000000711200000, 0x0000000711400000, 0x0000000711400000|100%| S|CS|TAMS 0x0000000711200000, 0x0000000711200000| Complete 
| 104|0x0000000711400000, 0x0000000711600000, 0x0000000711600000|100%| S|CS|TAMS 0x0000000711400000, 0x0000000711400000| Complete 
| 105|0x0000000711600000, 0x0000000711800000, 0x0000000711800000|100%| S|CS|TAMS 0x0000000711600000, 0x0000000711600000| Complete 
| 106|0x0000000711800000, 0x0000000711800000, 0x0000000711a00000|  0%| F|  |TAMS 0x0000000711800000, 0x0000000711800000| Untracked 
| 107|0x0000000711a00000, 0x0000000711a00000, 0x0000000711c00000|  0%| F|  |TAMS 0x0000000711a00000, 0x0000000711a00000| Untracked 
| 108|0x0000000711c00000, 0x0000000711c00000, 0x0000000711e00000|  0%| F|  |TAMS 0x0000000711c00000, 0x0000000711c00000| Untracked 
| 109|0x0000000711e00000, 0x0000000711e00000, 0x0000000712000000|  0%| F|  |TAMS 0x0000000711e00000, 0x0000000711e00000| Untracked 
| 110|0x0000000712000000, 0x0000000712000000, 0x0000000712200000|  0%| F|  |TAMS 0x0000000712000000, 0x0000000712000000| Untracked 
| 111|0x0000000712200000, 0x0000000712200000, 0x0000000712400000|  0%| F|  |TAMS 0x0000000712200000, 0x0000000712200000| Untracked 
| 112|0x0000000712400000, 0x0000000712400000, 0x0000000712600000|  0%| F|  |TAMS 0x0000000712400000, 0x0000000712400000| Untracked 
| 113|0x0000000712600000, 0x0000000712600000, 0x0000000712800000|  0%| F|  |TAMS 0x0000000712600000, 0x0000000712600000| Untracked 
| 114|0x0000000712800000, 0x0000000712800000, 0x0000000712a00000|  0%| F|  |TAMS 0x0000000712800000, 0x0000000712800000| Untracked 
| 115|0x0000000712a00000, 0x0000000712a7b638, 0x0000000712c00000| 24%| E|  |TAMS 0x0000000712a00000, 0x0000000712a00000| Complete 
| 116|0x0000000712c00000, 0x0000000712e00000, 0x0000000712e00000|100%| E|CS|TAMS 0x0000000712c00000, 0x0000000712c00000| Complete 
| 117|0x0000000712e00000, 0x0000000713000000, 0x0000000713000000|100%| E|CS|TAMS 0x0000000712e00000, 0x0000000712e00000| Complete 
| 118|0x0000000713000000, 0x0000000713200000, 0x0000000713200000|100%| E|CS|TAMS 0x0000000713000000, 0x0000000713000000| Complete 
| 119|0x0000000713200000, 0x0000000713400000, 0x0000000713400000|100%| E|CS|TAMS 0x0000000713200000, 0x0000000713200000| Complete 
| 120|0x0000000713400000, 0x0000000713600000, 0x0000000713600000|100%| E|CS|TAMS 0x0000000713400000, 0x0000000713400000| Complete 
| 121|0x0000000713600000, 0x0000000713800000, 0x0000000713800000|100%| E|CS|TAMS 0x0000000713600000, 0x0000000713600000| Complete 
| 122|0x0000000713800000, 0x0000000713a00000, 0x0000000713a00000|100%| E|CS|TAMS 0x0000000713800000, 0x0000000713800000| Complete 
| 123|0x0000000713a00000, 0x0000000713c00000, 0x0000000713c00000|100%| E|CS|TAMS 0x0000000713a00000, 0x0000000713a00000| Complete 
| 124|0x0000000713c00000, 0x0000000713e00000, 0x0000000713e00000|100%| E|CS|TAMS 0x0000000713c00000, 0x0000000713c00000| Complete 
| 125|0x0000000713e00000, 0x0000000714000000, 0x0000000714000000|100%| E|CS|TAMS 0x0000000713e00000, 0x0000000713e00000| Complete 

Card table byte_map: [0x0000014923d30000,0x0000014924510000] _byte_map_base: 0x000001492050e000

Marking Bits (Prev, Next): (CMBitMap*) 0x000001490c7b8b00, (CMBitMap*) 0x000001490c7b8b40
 Prev Bits: [0x0000014924cf0000, 0x0000014928be0000)
 Next Bits: [0x0000014928be0000, 0x000001492cad0000)

Polling page: 0x000001490a5f0000

Metaspace:

Usage:
  Non-class:     16.18 MB used.
      Class:      2.52 MB used.
       Both:     18.70 MB used.

Virtual space:
  Non-class space:       64.00 MB reserved,      16.31 MB ( 25%) committed,  1 nodes.
      Class space:        1.00 GB reserved,       2.62 MB ( <1%) committed,  1 nodes.
             Both:        1.06 GB reserved,      18.94 MB (  2%) committed. 

Chunk freelists:
   Non-Class:  15.56 MB
       Class:  13.38 MB
        Both:  28.94 MB

MaxMetaspaceSize: unlimited
CompressedClassSpaceSize: 1.00 GB
Initial GC threshold: 21.00 MB
Current GC threshold: 21.00 MB
CDS: on
MetaspaceReclaimPolicy: balanced
 - commit_granule_bytes: 65536.
 - commit_granule_words: 8192.
 - virtual_space_node_default_size: 8388608.
 - enlarge_chunks_in_place: 1.
 - new_chunks_are_fully_committed: 0.
 - uncommit_free_chunks: 1.
 - use_allocation_guard: 0.
 - handle_deallocations: 1.


Internal statistics:

num_allocs_failed_limit: 0.
num_arena_births: 240.
num_arena_deaths: 0.
num_vsnodes_births: 2.
num_vsnodes_deaths: 0.
num_space_committed: 303.
num_space_uncommitted: 0.
num_chunks_returned_to_freelist: 0.
num_chunks_taken_from_freelist: 826.
num_chunk_merges: 0.
num_chunk_splits: 572.
num_chunks_enlarged: 450.
num_inconsistent_stats: 0.

CodeHeap 'non-profiled nmethods': size=120000Kb used=1680Kb max_used=1680Kb free=118319Kb
 bounds [0x000001491bad0000, 0x000001491bd40000, 0x0000014923000000]
CodeHeap 'profiled nmethods': size=120000Kb used=7132Kb max_used=7132Kb free=112867Kb
 bounds [0x0000014914000000, 0x0000014914700000, 0x000001491b530000]
CodeHeap 'non-nmethods': size=5760Kb used=1457Kb max_used=1501Kb free=4302Kb
 bounds [0x000001491b530000, 0x000001491b7a0000, 0x000001491bad0000]
 total_blobs=4448 nmethods=3633 adapters=725
 compilation: enabled
              stopped_count=0, restarted_count=0
 full_count=0

Compilation events (20 events):
Event: 17.503 Thread 0x000001492f767480 nmethod 3623 0x00000149146ebb90 code [0x00000149146ec040, 0x00000149146eeeb8]
Event: 17.503 Thread 0x000001492f767480 3624       3       javafx.scene.Node::getStyle (24 bytes)
Event: 17.503 Thread 0x000001492f767480 nmethod 3624 0x00000149146eff10 code [0x00000149146f00c0, 0x00000149146f03e8]
Event: 17.509 Thread 0x000001492f767480 3625       3       java.lang.invoke.AbstractValidatingLambdaMetafactory::isAdaptableToAsReturn (36 bytes)
Event: 17.509 Thread 0x000001492f767480 nmethod 3625 0x00000149146f0510 code [0x00000149146f06e0, 0x00000149146f0b88]
Event: 17.509 Thread 0x000001492f767480 3626       3       java.lang.invoke.AbstractValidatingLambdaMetafactory::checkDescriptor (133 bytes)
Event: 17.510 Thread 0x000001492f767480 nmethod 3626 0x00000149146f0d10 code [0x00000149146f1140, 0x00000149146f3618]
Event: 17.510 Thread 0x000001492f767480 3627       3       java.lang.invoke.AbstractValidatingLambdaMetafactory::isAdaptableToAsReturnStrict (34 bytes)
Event: 17.510 Thread 0x000001492f767480 nmethod 3627 0x00000149146f4190 code [0x00000149146f4360, 0x00000149146f4928]
Event: 17.510 Thread 0x000001492f767480 3628       3       java.lang.invoke.InnerClassLambdaMetafactory::spinInnerClass (118 bytes)
Event: 17.511 Thread 0x000001492f767480 nmethod 3628 0x00000149146f4a90 code [0x00000149146f4c60, 0x00000149146f4f78]
Event: 17.511 Thread 0x000001492f767480 3629       3       java.lang.invoke.LambdaProxyClassArchive::find (63 bytes)
Event: 17.511 Thread 0x000001492f767480 nmethod 3629 0x00000149146f5090 code [0x00000149146f52c0, 0x00000149146f5b98]
Event: 17.511 Thread 0x000001492f767480 3630       3       java.lang.invoke.LambdaProxyClassArchive::loadedByBuiltinLoader (22 bytes)
Event: 17.512 Thread 0x000001492f767480 nmethod 3630 0x00000149146f5e90 code [0x00000149146f60e0, 0x00000149146f6c18]
Event: 17.512 Thread 0x000001492f767480 3631       3       jdk.internal.misc.CDS::isSharingEnabled (4 bytes)
Event: 17.512 Thread 0x000001492f767480 nmethod 3631 0x00000149146f6f90 code [0x00000149146f7120, 0x00000149146f7218]
Event: 18.344 Thread 0x000001497d895a90 3633       4       com.sun.javafx.scene.layout.RegionHelper::pickNodeLocalImpl (12 bytes)
Event: 18.353 Thread 0x000001497d895a90 nmethod 3633 0x000001491bc72490 code [0x000001491bc726e0, 0x000001491bc73268]
Event: 19.936 Thread 0x000001492f767480 3634       3       java.lang.Class::protectionDomain (48 bytes)

GC Heap History (4 events):
Event: 0.367 GC heap before
{Heap before GC invocations=0 (full 0):
 garbage-first heap   total 258048K, used 22528K [0x0000000704400000, 0x0000000800000000)
  region size 2048K, 11 young (22528K), 0 survivors (0K)
 Metaspace       used 5080K, committed 5312K, reserved 1114112K
  class space    used 607K, committed 704K, reserved 1048576K
}
Event: 0.369 GC heap after
{Heap after GC invocations=1 (full 0):
 garbage-first heap   total 258048K, used 2886K [0x0000000704400000, 0x0000000800000000)
  region size 2048K, 2 young (4096K), 2 survivors (4096K)
 Metaspace       used 5080K, committed 5312K, reserved 1114112K
  class space    used 607K, committed 704K, reserved 1048576K
}
Event: 0.788 GC heap before
{Heap before GC invocations=1 (full 0):
 garbage-first heap   total 258048K, used 41798K [0x0000000704400000, 0x0000000800000000)
  region size 2048K, 20 young (40960K), 2 survivors (4096K)
 Metaspace       used 14402K, committed 14592K, reserved 1114112K
  class space    used 2144K, committed 2240K, reserved 1048576K
}
Event: 0.793 GC heap after
{Heap after GC invocations=2 (full 0):
 garbage-first heap   total 258048K, used 9466K [0x0000000704400000, 0x0000000800000000)
  region size 2048K, 3 young (6144K), 3 survivors (6144K)
 Metaspace       used 14402K, committed 14592K, reserved 1114112K
  class space    used 2144K, committed 2240K, reserved 1048576K
}

Deoptimization events (20 events):
Event: 17.443 Thread 0x0000014975553fa0 DEOPT PACKING pc=0x0000014914695a16 sp=0x00000033538f9d60
Event: 17.443 Thread 0x0000014975553fa0 DEOPT UNPACKING pc=0x000001491b5866e3 sp=0x00000033538f91b8 mode 0
Event: 17.443 Thread 0x0000014975553fa0 DEOPT PACKING pc=0x0000014914695a16 sp=0x00000033538f9c90
Event: 17.443 Thread 0x0000014975553fa0 DEOPT UNPACKING pc=0x000001491b5866e3 sp=0x00000033538f90e8 mode 0
Event: 17.443 Thread 0x0000014975553fa0 DEOPT PACKING pc=0x0000014914695a16 sp=0x00000033538f9e70
Event: 17.443 Thread 0x0000014975553fa0 DEOPT UNPACKING pc=0x000001491b5866e3 sp=0x00000033538f92c8 mode 0
Event: 17.443 Thread 0x0000014975553fa0 DEOPT PACKING pc=0x000001491469593e sp=0x00000033538f9d60
Event: 17.443 Thread 0x0000014975553fa0 DEOPT UNPACKING pc=0x000001491b5866e3 sp=0x00000033538f91b8 mode 0
Event: 17.461 Thread 0x0000014975553fa0 Uncommon trap: trap_request=0xffffff45 fr.pc=0x000001491bc574e0 relative=0x00000000000000c0
Event: 17.461 Thread 0x0000014975553fa0 Uncommon trap: reason=unstable_if action=reinterpret pc=0x000001491bc574e0 method=java.lang.CharacterDataLatin1.digit(II)I @ 7 c2
Event: 17.461 Thread 0x0000014975553fa0 DEOPT PACKING pc=0x000001491bc574e0 sp=0x00000033538fa570
Event: 17.461 Thread 0x0000014975553fa0 DEOPT UNPACKING pc=0x000001491b585ba3 sp=0x00000033538fa430 mode 2
Event: 17.461 Thread 0x0000014975553fa0 Uncommon trap: trap_request=0xffffff45 fr.pc=0x000001491bae5708 relative=0x0000000000000088
Event: 17.461 Thread 0x0000014975553fa0 Uncommon trap: reason=unstable_if action=reinterpret pc=0x000001491bae5708 method=java.lang.CharacterDataLatin1.isJavaIdentifierStart(I)Z @ 14 c2
Event: 17.461 Thread 0x0000014975553fa0 DEOPT PACKING pc=0x000001491bae5708 sp=0x00000033538fa650
Event: 17.461 Thread 0x0000014975553fa0 DEOPT UNPACKING pc=0x000001491b585ba3 sp=0x00000033538fa5c0 mode 2
Event: 17.502 Thread 0x0000014975553fa0 Uncommon trap: trap_request=0xffffff45 fr.pc=0x000001491bc0c748 relative=0x0000000000000b08
Event: 17.502 Thread 0x0000014975553fa0 Uncommon trap: reason=unstable_if action=reinterpret pc=0x000001491bc0c748 method=javafx.scene.CssStyleHelper.getStyle(Ljavafx/css/Styleable;Ljava/lang/String;Lcom/sun/javafx/css/StyleMap;Ljava/util/Set;)Lcom/sun/javafx/css/CascadingStyle; @ 8 c2
Event: 17.502 Thread 0x0000014975553fa0 DEOPT PACKING pc=0x000001491bc0c748 sp=0x00000033538fa410
Event: 17.502 Thread 0x0000014975553fa0 DEOPT UNPACKING pc=0x000001491b585ba3 sp=0x00000033538fa3a8 mode 2

Classes unloaded (0 events):
No events

Classes redefined (0 events):
No events

Internal exceptions (20 events):
Event: 0.756 Thread 0x000001497541c240 Exception <a 'java/lang/NoSuchMethodError'{0x0000000711b49270}: 'int java.lang.invoke.DirectMethodHandle$Holder.invokeStaticInit(java.lang.Object, java.lang.Object)'> (0x0000000711b49270) 
thrown [s\open\src\hotspot\share\interpreter\linkResolver.cpp, line 759]
Event: 0.756 Thread 0x0000014975553fa0 Exception <a 'java/lang/NoSuchMethodError'{0x0000000711af1f10}: 'long java.lang.invoke.DirectMethodHandle$Holder.invokeStatic(java.lang.Object, java.lang.Object, java.lang.Object)'> (0x0000000711af1f10) 
thrown [s\open\src\hotspot\share\interpreter\linkResolver.cpp, line 759]
Event: 0.756 Thread 0x0000014975553fa0 Exception <a 'java/lang/NoSuchMethodError'{0x0000000711af56b8}: 'long java.lang.invoke.DirectMethodHandle$Holder.invokeStaticInit(java.lang.Object, java.lang.Object, java.lang.Object)'> (0x0000000711af56b8) 
thrown [s\open\src\hotspot\share\interpreter\linkResolver.cpp, line 759]
Event: 0.758 Thread 0x0000014975553fa0 Exception <a 'java/lang/NoSuchMethodError'{0x0000000711b0d2c0}: 'java.lang.Object java.lang.invoke.DirectMethodHandle$Holder.newInvokeSpecial(java.lang.Object, java.lang.Object, long)'> (0x0000000711b0d2c0) 
thrown [s\open\src\hotspot\share\interpreter\linkResolver.cpp, line 759]
Event: 0.758 Thread 0x0000014975553fa0 Exception <a 'java/lang/NoSuchMethodError'{0x0000000711b10e30}: 'java.lang.Object java.lang.invoke.Invokers$Holder.linkToTargetMethod(java.lang.Object, long, java.lang.Object)'> (0x0000000711b10e30) 
thrown [s\open\src\hotspot\share\interpreter\linkResolver.cpp, line 759]
Event: 0.765 Thread 0x000001497541c240 Exception <a 'java/lang/NoSuchMethodError'{0x0000000711bebde8}: 'java.lang.Object java.lang.invoke.DirectMethodHandle$Holder.invokeStaticInit(java.lang.Object, int)'> (0x0000000711bebde8) 
thrown [s\open\src\hotspot\share\interpreter\linkResolver.cpp, line 759]
Event: 7.161 Thread 0x0000014975553fa0 Exception <a 'java/lang/NoSuchMethodError'{0x0000000713609d70}: 'java.lang.Object java.lang.invoke.DirectMethodHandle$Holder.newInvokeSpecial(java.lang.Object, java.lang.Object, int, int, int, int, int, java.lang.Object)'> (0x0000000713609d70) 
thrown [s\open\src\hotspot\share\interpreter\linkResolver.cpp, line 759]
Event: 7.162 Thread 0x0000014975553fa0 Exception <a 'java/lang/NoSuchMethodError'{0x000000071361d2a0}: 'java.lang.Object java.lang.invoke.DirectMethodHandle$Holder.newInvokeSpecial(java.lang.Object, java.lang.Object, java.lang.Object, int, int, int, int, int)'> (0x000000071361d2a0) 
thrown [s\open\src\hotspot\share\interpreter\linkResolver.cpp, line 759]
Event: 7.162 Thread 0x0000014975553fa0 Exception <a 'java/lang/NoSuchMethodError'{0x0000000713625050}: 'java.lang.Object java.lang.invoke.Invokers$Holder.linkToTargetMethod(java.lang.Object, java.lang.Object, int, int, int, int, int, java.lang.Object)'> (0x0000000713625050) 
thrown [s\open\src\hotspot\share\interpreter\linkResolver.cpp, line 759]
Event: 17.252 Thread 0x0000014975553fa0 Exception <a 'java/lang/NoSuchMethodError'{0x0000000713408d08}: 'java.lang.Object java.lang.invoke.DirectMethodHandle$Holder.invokeStaticInit(java.lang.Object, int, int, int, int)'> (0x0000000713408d08) 
thrown [s\open\src\hotspot\share\interpreter\linkResolver.cpp, line 759]
Event: 17.281 Thread 0x0000014975553fa0 Exception <a 'java/lang/NoSuchMethodError'{0x00000007134b0de8}: 'java.lang.Object java.lang.invoke.DirectMethodHandle$Holder.invokeStaticInit(java.lang.Object, java.lang.Object, int, int, int, int)'> (0x00000007134b0de8) 
thrown [s\open\src\hotspot\share\interpreter\linkResolver.cpp, line 759]
Event: 17.347 Thread 0x0000014975553fa0 Exception <a 'sun/nio/fs/WindowsException'{0x00000007134f1898}> (0x00000007134f1898) 
thrown [s\open\src\hotspot\share\prims\jni.cpp, line 516]
Event: 17.349 Thread 0x0000014975553fa0 Exception <a 'sun/nio/fs/WindowsException'{0x000000071351f738}> (0x000000071351f738) 
thrown [s\open\src\hotspot\share\prims\jni.cpp, line 516]
Event: 17.350 Thread 0x0000014975553fa0 Exception <a 'java/lang/NoSuchMethodError'{0x0000000713525a40}: 'java.lang.Object java.lang.invoke.DirectMethodHandle$Holder.invokeVirtual(java.lang.Object, java.lang.Object, java.lang.Object, java.lang.Object)'> (0x0000000713525a40) 
thrown [s\open\src\hotspot\share\interpreter\linkResolver.cpp, line 759]
Event: 17.356 Thread 0x0000014975553fa0 Exception <a 'java/lang/NoSuchMethodError'{0x0000000713573dc0}: 'int java.lang.invoke.DirectMethodHandle$Holder.invokeStatic(java.lang.Object, java.lang.Object, java.lang.Object, java.lang.Object)'> (0x0000000713573dc0) 
thrown [s\open\src\hotspot\share\interpreter\linkResolver.cpp, line 759]
Event: 17.356 Thread 0x0000014975553fa0 Exception <a 'java/lang/NoSuchMethodError'{0x0000000713577b18}: 'int java.lang.invoke.DirectMethodHandle$Holder.invokeStaticInit(java.lang.Object, java.lang.Object, java.lang.Object, java.lang.Object)'> (0x0000000713577b18) 
thrown [s\open\src\hotspot\share\interpreter\linkResolver.cpp, line 759]
Event: 17.356 Thread 0x0000014975553fa0 Exception <a 'java/lang/IncompatibleClassChangeError'{0x0000000713580ee8}: Found class java.lang.Object, but interface was expected> (0x0000000713580ee8) 
thrown [s\open\src\hotspot\share\interpreter\linkResolver.cpp, line 826]
Event: 17.373 Thread 0x0000014975553fa0 Exception <a 'java/lang/NoSuchMethodError'{0x0000000713244428}: 'int java.lang.invoke.DirectMethodHandle$Holder.invokeSpecial(java.lang.Object, java.lang.Object, java.lang.Object)'> (0x0000000713244428) 
thrown [s\open\src\hotspot\share\interpreter\linkResolver.cpp, line 759]
Event: 17.417 Thread 0x0000014975553fa0 Exception <a 'sun/nio/fs/WindowsException'{0x0000000713025830}> (0x0000000713025830) 
thrown [s\open\src\hotspot\share\prims\jni.cpp, line 516]
Event: 17.421 Thread 0x0000014975553fa0 Exception <a 'sun/nio/fs/WindowsException'{0x0000000713039e48}> (0x0000000713039e48) 
thrown [s\open\src\hotspot\share\prims\jni.cpp, line 516]

VM Operations (20 events):
Event: 16.159 Executing VM operation: Cleanup done
Event: 17.254 Executing VM operation: HandshakeAllThreads
Event: 17.254 Executing VM operation: HandshakeAllThreads done
Event: 17.254 Executing VM operation: Cleanup
Event: 17.254 Executing VM operation: Cleanup done
Event: 17.353 Executing VM operation: HandshakeAllThreads
Event: 17.353 Executing VM operation: HandshakeAllThreads done
Event: 17.404 Executing VM operation: HandshakeAllThreads
Event: 17.404 Executing VM operation: HandshakeAllThreads done
Event: 17.418 Executing VM operation: HandshakeAllThreads
Event: 17.418 Executing VM operation: HandshakeAllThreads done
Event: 17.421 Executing VM operation: HandshakeAllThreads
Event: 17.421 Executing VM operation: HandshakeAllThreads done
Event: 17.454 Executing VM operation: HandshakeAllThreads
Event: 17.454 Executing VM operation: HandshakeAllThreads done
Event: 17.454 Executing VM operation: HandshakeAllThreads
Event: 17.454 Executing VM operation: HandshakeAllThreads done
Event: 18.454 Executing VM operation: Cleanup
Event: 18.454 Executing VM operation: Cleanup done
Event: 19.936 Executing VM operation: Exit

Events (20 events):
Event: 17.479 loading class java/util/concurrent/atomic/AtomicReferenceFieldUpdater$AtomicReferenceFieldUpdaterImpl done
Event: 17.479 loading class java/util/concurrent/atomic/AtomicReferenceFieldUpdater$AtomicReferenceFieldUpdaterImpl$1
Event: 17.479 loading class java/util/concurrent/atomic/AtomicReferenceFieldUpdater$AtomicReferenceFieldUpdaterImpl$1 done
Event: 17.479 loading class java/util/concurrent/atomic/AtomicIntegerFieldUpdater
Event: 17.479 loading class java/util/concurrent/atomic/AtomicIntegerFieldUpdater done
Event: 17.479 loading class sun/reflect/misc/ReflectUtil
Event: 17.479 loading class sun/reflect/misc/ReflectUtil done
Event: 17.480 loading class java/util/concurrent/atomic/AtomicIntegerFieldUpdater$AtomicIntegerFieldUpdaterImpl
Event: 17.480 loading class java/util/concurrent/atomic/AtomicIntegerFieldUpdater$AtomicIntegerFieldUpdaterImpl done
Event: 17.480 loading class java/util/concurrent/atomic/AtomicIntegerFieldUpdater$AtomicIntegerFieldUpdaterImpl$1
Event: 17.480 loading class java/util/concurrent/atomic/AtomicIntegerFieldUpdater$AtomicIntegerFieldUpdaterImpl$1 done
Event: 19.934 loading class jdk/internal/misc/Signal$1
Event: 19.934 loading class jdk/internal/misc/Signal$1 done
Event: 19.935 Thread 0x0000014975553580 Thread added: 0x0000014975553580
Event: 19.935 Thread 0x000001497b0fbb30 Thread added: 0x000001497b0fbb30
Event: 19.935 Thread 0x000001497b0fb620 Thread added: 0x000001497b0fb620
Event: 19.935 Thread 0x000001497b0fbb30 Thread exited: 0x000001497b0fbb30
Event: 19.936 Thread 0x000001497d895a90 Thread exited: 0x000001497d895a90
Event: 19.936 Thread 0x000001497ddd0f40 Thread exited: 0x000001497ddd0f40
Event: 19.936 Thread 0x000001497b0fb620 Thread exited: 0x000001497b0fb620


Dynamic libraries:
0x00007ff769ec0000 - 0x00007ff769ed0000 	C:\Program Files\Java\jdk-17\bin\java.exe
0x00007ff962a70000 - 0x00007ff962c68000 	C:\Windows\SYSTEM32\ntdll.dll
0x00007ff960d20000 - 0x00007ff960de2000 	C:\Windows\System32\KERNEL32.DLL
0x00007ff960780000 - 0x00007ff960a7f000 	C:\Windows\System32\KERNELBASE.dll
0x00007ff960650000 - 0x00007ff960750000 	C:\Windows\System32\ucrtbase.dll
0x00007ff958d60000 - 0x00007ff958d7b000 	C:\Program Files\Java\jdk-17\bin\VCRUNTIME140.dll
0x00007ff959590000 - 0x00007ff9595a9000 	C:\Program Files\Java\jdk-17\bin\jli.dll
0x00007ff961710000 - 0x00007ff9617c1000 	C:\Windows\System32\ADVAPI32.dll
0x00007ff961400000 - 0x00007ff96149e000 	C:\Windows\System32\msvcrt.dll
0x00007ff961f40000 - 0x00007ff961fdf000 	C:\Windows\System32\sechost.dll
0x00007ff961500000 - 0x00007ff961623000 	C:\Windows\System32\RPCRT4.dll
0x00007ff960750000 - 0x00007ff960777000 	C:\Windows\System32\bcrypt.dll
0x00007ff962160000 - 0x00007ff9622fd000 	C:\Windows\System32\USER32.dll
0x00007ff960460000 - 0x00007ff960482000 	C:\Windows\System32\win32u.dll
0x00007ff960aa0000 - 0x00007ff960acb000 	C:\Windows\System32\GDI32.dll
0x00007ff944aa0000 - 0x00007ff944d3a000 	C:\Windows\WinSxS\amd64_microsoft.windows.common-controls_6595b64144ccf1df_6.0.19041.4355_none_60b8b9eb71f62e16\COMCTL32.dll
0x00007ff960530000 - 0x00007ff960647000 	C:\Windows\System32\gdi32full.dll
0x00007ff960490000 - 0x00007ff96052d000 	C:\Windows\System32\msvcp_win.dll
0x00007ff94bff0000 - 0x00007ff94bffa000 	C:\Windows\SYSTEM32\VERSION.dll
0x00007ff9616e0000 - 0x00007ff96170f000 	C:\Windows\System32\IMM32.DLL
0x00007ff959620000 - 0x00007ff95962c000 	C:\Program Files\Java\jdk-17\bin\vcruntime140_1.dll
0x00007ff936560000 - 0x00007ff9365ee000 	C:\Program Files\Java\jdk-17\bin\msvcp140.dll
0x00007ff8e9a30000 - 0x00007ff8ea60f000 	C:\Program Files\Java\jdk-17\bin\server\jvm.dll
0x00007ff9623e0000 - 0x00007ff9623e8000 	C:\Windows\System32\PSAPI.DLL
0x00007ff9508f0000 - 0x00007ff950917000 	C:\Windows\SYSTEM32\WINMM.dll
0x00007ff93ff50000 - 0x00007ff93ff59000 	C:\Windows\SYSTEM32\WSOCK32.dll
0x00007ff9623f0000 - 0x00007ff96245b000 	C:\Windows\System32\WS2_32.dll
0x00007ff95e100000 - 0x00007ff95e112000 	C:\Windows\SYSTEM32\kernel.appcore.dll
0x00007ff959580000 - 0x00007ff95958a000 	C:\Program Files\Java\jdk-17\bin\jimage.dll
0x00007ff95dca0000 - 0x00007ff95de84000 	C:\Windows\SYSTEM32\DBGHELP.DLL
0x00007ff944120000 - 0x00007ff944154000 	C:\Windows\SYSTEM32\dbgcore.DLL
0x00007ff960220000 - 0x00007ff9602a2000 	C:\Windows\System32\bcryptPrimitives.dll
0x00007ff958d90000 - 0x00007ff958d9e000 	C:\Program Files\Java\jdk-17\bin\instrument.dll
0x00007ff9563c0000 - 0x00007ff9563e5000 	C:\Program Files\Java\jdk-17\bin\java.dll
0x00007ff933000000 - 0x00007ff9330d7000 	C:\Program Files\Java\jdk-17\bin\jsvml.dll
0x00007ff9617d0000 - 0x00007ff961f3e000 	C:\Windows\System32\SHELL32.dll
0x00007ff95e140000 - 0x00007ff95e8e4000 	C:\Windows\SYSTEM32\windows.storage.dll
0x00007ff962460000 - 0x00007ff9627b5000 	C:\Windows\System32\combase.dll
0x00007ff95fa50000 - 0x00007ff95fa7f000 	C:\Windows\SYSTEM32\Wldp.dll
0x00007ff962960000 - 0x00007ff962a2d000 	C:\Windows\System32\OLEAUT32.dll
0x00007ff962820000 - 0x00007ff9628cd000 	C:\Windows\System32\SHCORE.dll
0x00007ff9613a0000 - 0x00007ff9613f5000 	C:\Windows\System32\shlwapi.dll
0x00007ff960030000 - 0x00007ff960054000 	C:\Windows\SYSTEM32\profapi.dll
0x00007ff9563a0000 - 0x00007ff9563b9000 	C:\Program Files\Java\jdk-17\bin\net.dll
0x00007ff959c80000 - 0x00007ff959d8d000 	C:\Windows\SYSTEM32\WINHTTP.dll
0x00007ff95f830000 - 0x00007ff95f89a000 	C:\Windows\system32\mswsock.dll
0x00007ff953f40000 - 0x00007ff953f56000 	C:\Program Files\Java\jdk-17\bin\nio.dll
0x00007ff94b7f0000 - 0x00007ff94b808000 	C:\Program Files\Java\jdk-17\bin\zip.dll
0x00007ff94b740000 - 0x00007ff94b75a000 	C:\Program Files\JetBrains\IntelliJ IDEA Community Edition 2024.3.2.1\bin\breakgen64.dll
0x000001490c710000 - 0x000001490c713000 	C:\Users\zerovel\.openjfx\cache\17.0.6\api-ms-win-core-console-l1-1-0.dll
0x000001492fc80000 - 0x000001492fc83000 	C:\Users\zerovel\.openjfx\cache\17.0.6\api-ms-win-core-console-l1-2-0.dll
0x000001492fc90000 - 0x000001492fc93000 	C:\Users\zerovel\.openjfx\cache\17.0.6\api-ms-win-core-datetime-l1-1-0.dll
0x000001492fca0000 - 0x000001492fca3000 	C:\Users\zerovel\.openjfx\cache\17.0.6\api-ms-win-core-debug-l1-1-0.dll
0x000001492fcb0000 - 0x000001492fcb3000 	C:\Users\zerovel\.openjfx\cache\17.0.6\api-ms-win-core-errorhandling-l1-1-0.dll
0x000001492fcc0000 - 0x000001492fcc4000 	C:\Users\zerovel\.openjfx\cache\17.0.6\api-ms-win-core-file-l1-1-0.dll
0x000001492fcd0000 - 0x000001492fcd3000 	C:\Users\zerovel\.openjfx\cache\17.0.6\api-ms-win-core-file-l1-2-0.dll
0x000001492fce0000 - 0x000001492fce3000 	C:\Users\zerovel\.openjfx\cache\17.0.6\api-ms-win-core-file-l2-1-0.dll
0x000001492fcf0000 - 0x000001492fcf3000 	C:\Users\zerovel\.openjfx\cache\17.0.6\api-ms-win-core-handle-l1-1-0.dll
0x000001492fd00000 - 0x000001492fd03000 	C:\Users\zerovel\.openjfx\cache\17.0.6\api-ms-win-core-heap-l1-1-0.dll
0x000001492fd10000 - 0x000001492fd13000 	C:\Users\zerovel\.openjfx\cache\17.0.6\api-ms-win-core-interlocked-l1-1-0.dll
0x000001492fd20000 - 0x000001492fd23000 	C:\Users\zerovel\.openjfx\cache\17.0.6\api-ms-win-core-libraryloader-l1-1-0.dll
0x000001492fd30000 - 0x000001492fd33000 	C:\Users\zerovel\.openjfx\cache\17.0.6\api-ms-win-core-localization-l1-2-0.dll
0x000001492fd40000 - 0x000001492fd43000 	C:\Users\zerovel\.openjfx\cache\17.0.6\api-ms-win-core-memory-l1-1-0.dll
0x000001492fd50000 - 0x000001492fd53000 	C:\Users\zerovel\.openjfx\cache\17.0.6\api-ms-win-core-namedpipe-l1-1-0.dll
0x000001492fd60000 - 0x000001492fd63000 	C:\Users\zerovel\.openjfx\cache\17.0.6\api-ms-win-core-processenvironment-l1-1-0.dll
0x000001492fd70000 - 0x000001492fd73000 	C:\Users\zerovel\.openjfx\cache\17.0.6\api-ms-win-core-processthreads-l1-1-0.dll
0x000001492fd80000 - 0x000001492fd83000 	C:\Users\zerovel\.openjfx\cache\17.0.6\api-ms-win-core-processthreads-l1-1-1.dll
0x000001492fd90000 - 0x000001492fd93000 	C:\Users\zerovel\.openjfx\cache\17.0.6\api-ms-win-core-profile-l1-1-0.dll
0x000001492fda0000 - 0x000001492fda3000 	C:\Users\zerovel\.openjfx\cache\17.0.6\api-ms-win-core-rtlsupport-l1-1-0.dll
0x000001492fdb0000 - 0x000001492fdb3000 	C:\Users\zerovel\.openjfx\cache\17.0.6\api-ms-win-core-string-l1-1-0.dll
0x000001492fdc0000 - 0x000001492fdc3000 	C:\Users\zerovel\.openjfx\cache\17.0.6\api-ms-win-core-synch-l1-1-0.dll
0x000001492fdd0000 - 0x000001492fdd3000 	C:\Users\zerovel\.openjfx\cache\17.0.6\api-ms-win-core-synch-l1-2-0.dll
0x000001492fde0000 - 0x000001492fde3000 	C:\Users\zerovel\.openjfx\cache\17.0.6\api-ms-win-core-sysinfo-l1-1-0.dll
0x000001492fdf0000 - 0x000001492fdf3000 	C:\Users\zerovel\.openjfx\cache\17.0.6\api-ms-win-core-timezone-l1-1-0.dll
0x000001492fe00000 - 0x000001492fe03000 	C:\Users\zerovel\.openjfx\cache\17.0.6\api-ms-win-core-util-l1-1-0.dll
0x000001492fe10000 - 0x000001492fe13000 	C:\Users\zerovel\.openjfx\cache\17.0.6\api-ms-win-crt-conio-l1-1-0.dll
0x000001492fe20000 - 0x000001492fe24000 	C:\Users\zerovel\.openjfx\cache\17.0.6\api-ms-win-crt-convert-l1-1-0.dll
0x000001492fe30000 - 0x000001492fe33000 	C:\Users\zerovel\.openjfx\cache\17.0.6\api-ms-win-crt-environment-l1-1-0.dll
0x000001492fe40000 - 0x000001492fe43000 	C:\Users\zerovel\.openjfx\cache\17.0.6\api-ms-win-crt-filesystem-l1-1-0.dll
0x000001492fe50000 - 0x000001492fe53000 	C:\Users\zerovel\.openjfx\cache\17.0.6\api-ms-win-crt-heap-l1-1-0.dll
0x000001492fe60000 - 0x000001492fe63000 	C:\Users\zerovel\.openjfx\cache\17.0.6\api-ms-win-crt-locale-l1-1-0.dll
0x000001492fe70000 - 0x000001492fe75000 	C:\Users\zerovel\.openjfx\cache\17.0.6\api-ms-win-crt-math-l1-1-0.dll
0x000001492fe80000 - 0x000001492fe85000 	C:\Users\zerovel\.openjfx\cache\17.0.6\api-ms-win-crt-multibyte-l1-1-0.dll
0x000001492fe90000 - 0x000001492fea0000 	C:\Users\zerovel\.openjfx\cache\17.0.6\api-ms-win-crt-private-l1-1-0.dll
0x000001492fea0000 - 0x000001492fea3000 	C:\Users\zerovel\.openjfx\cache\17.0.6\api-ms-win-crt-process-l1-1-0.dll
0x000001492feb0000 - 0x000001492feb4000 	C:\Users\zerovel\.openjfx\cache\17.0.6\api-ms-win-crt-runtime-l1-1-0.dll
0x000001492fec0000 - 0x000001492fec4000 	C:\Users\zerovel\.openjfx\cache\17.0.6\api-ms-win-crt-stdio-l1-1-0.dll
0x000001492fed0000 - 0x000001492fed4000 	C:\Users\zerovel\.openjfx\cache\17.0.6\api-ms-win-crt-string-l1-1-0.dll
0x000001492fee0000 - 0x000001492fee3000 	C:\Users\zerovel\.openjfx\cache\17.0.6\api-ms-win-crt-time-l1-1-0.dll
0x000001492fef0000 - 0x000001492fef3000 	C:\Users\zerovel\.openjfx\cache\17.0.6\api-ms-win-crt-utility-l1-1-0.dll
0x00007ff932bc0000 - 0x00007ff932cbc000 	C:\Users\zerovel\.openjfx\cache\17.0.6\ucrtbase.dll
0x00007ff9448b0000 - 0x00007ff9448ca000 	C:\Users\zerovel\.openjfx\cache\17.0.6\vcruntime140.dll
0x00007ff956e50000 - 0x00007ff956e5c000 	C:\Users\zerovel\.openjfx\cache\17.0.6\vcruntime140_1.dll
0x00007ff932f70000 - 0x00007ff932ffd000 	C:\Users\zerovel\.openjfx\cache\17.0.6\msvcp140.dll
0x00007ff956430000 - 0x00007ff956439000 	C:\Users\zerovel\.openjfx\cache\17.0.6\msvcp140_1.dll
0x00007ff944880000 - 0x00007ff9448af000 	C:\Users\zerovel\.openjfx\cache\17.0.6\msvcp140_2.dll
0x00007ff937040000 - 0x00007ff93706a000 	C:\Users\zerovel\.openjfx\cache\17.0.6\prism_d3d.dll
0x00007ff931500000 - 0x00007ff9316d1000 	C:\Windows\system32\d3d9.dll
0x00007ff95d660000 - 0x00007ff95d68f000 	C:\Windows\SYSTEM32\dwmapi.dll
0x00007ff95ad20000 - 0x00007ff95adbe000 	C:\Windows\system32\uxtheme.dll
0x00007ff924a40000 - 0x00007ff924c9f000 	C:\Windows\System32\DriverStore\FileRepository\iigd_dch.inf_amd64_f63934308f6cc308\igdumdim64.dll
0x00007ff961270000 - 0x00007ff96139b000 	C:\Windows\System32\ole32.dll
0x00007ff9233f0000 - 0x00007ff924939000 	C:\Windows\System32\DriverStore\FileRepository\iigd_dch.inf_amd64_f63934308f6cc308\igd9dxva64.dll
0x00007ff960df0000 - 0x00007ff961261000 	C:\Windows\System32\SETUPAPI.dll
0x00007ff9602b0000 - 0x00007ff9602fe000 	C:\Windows\System32\cfgmgr32.dll
0x00007ff920a70000 - 0x00007ff92279b000 	C:\Windows\System32\DriverStore\FileRepository\iigd_dch.inf_amd64_f63934308f6cc308\media_bin_64.dll
0x00007ff9502a0000 - 0x00007ff9506de000 	C:\Windows\System32\DriverStore\FileRepository\iigd_dch.inf_amd64_f63934308f6cc308\igdgmm64.dll
0x00007ff933340000 - 0x00007ff933382000 	C:\Users\zerovel\.openjfx\cache\17.0.6\glass.dll
0x00007ff962300000 - 0x00007ff9623da000 	C:\Windows\System32\COMDLG32.dll
0x00007ff961fe0000 - 0x00007ff9620f5000 	C:\Windows\System32\MSCTF.dll
0x00007ff91f1d0000 - 0x00007ff91f1f7000 	C:\Windows\System32\DriverStore\FileRepository\iigd_dch.inf_amd64_f63934308f6cc308\igdinfo64.dll
0x00007ff94c250000 - 0x00007ff950292000 	C:\Windows\System32\DriverStore\FileRepository\iigd_dch.inf_amd64_f63934308f6cc308\igc64.dll
0x00007ff952880000 - 0x00007ff9528bb000 	C:\Windows\SYSTEM32\dxcore.dll
0x00007ff936e40000 - 0x00007ff936e54000 	C:\Users\zerovel\.openjfx\cache\17.0.6\javafx_font.dll
0x00007ff948f90000 - 0x00007ff94920f000 	C:\Windows\SYSTEM32\dwrite.dll
0x00007ff961630000 - 0x00007ff9616d9000 	C:\Windows\System32\clbcatq.dll
0x00007ff95aad0000 - 0x00007ff95ac84000 	C:\Windows\SYSTEM32\WindowsCodecs.dll
0x00007ff91f750000 - 0x00007ff91f78e000 	C:\Windows\system32\dataexchange.dll
0x00007ff9561a0000 - 0x00007ff956384000 	C:\Windows\system32\dcomp.dll
0x00007ff955970000 - 0x00007ff955bd3000 	C:\Windows\system32\d3d11.dll
0x00007ff95ea70000 - 0x00007ff95eb66000 	C:\Windows\system32\dxgi.dll
0x00007ff956e60000 - 0x00007ff957063000 	C:\Windows\system32\twinapi.appcore.dll
0x00007ff958160000 - 0x00007ff958194000 	C:\Program Files\Common Files\Microsoft Shared\Ink\rtscom.dll
0x00007ff94b150000 - 0x00007ff94b249000 	C:\Windows\SYSTEM32\textinputframework.dll
0x00007ff9587f0000 - 0x00007ff9588e2000 	C:\Windows\System32\CoreMessaging.dll
0x00007ff956860000 - 0x00007ff956bbb000 	C:\Windows\System32\CoreUIComponents.dll
0x00007ff95f350000 - 0x00007ff95f383000 	C:\Windows\SYSTEM32\ntmarta.dll
0x00007ff959ee0000 - 0x00007ff95a037000 	C:\Windows\SYSTEM32\wintypes.dll

dbghelp: loaded successfully - version: 4.0.5 - missing functions: none
symbol engine: initialized successfully - sym options: 0x614 - pdb path: .;C:\Program Files\Java\jdk-17\bin;C:\Windows\SYSTEM32;C:\Windows\WinSxS\amd64_microsoft.windows.common-controls_6595b64144ccf1df_6.0.19041.4355_none_60b8b9eb71f62e16;C:\Program Files\Java\jdk-17\bin\server;C:\Program Files\JetBrains\IntelliJ IDEA Community Edition 2024.3.2.1\bin;C:\Users\zerovel\.openjfx\cache\17.0.6;C:\Windows\System32\DriverStore\FileRepository\iigd_dch.inf_amd64_f63934308f6cc308;C:\Program Files\Common Files\Microsoft Shared\Ink;C:\Program Files\Bonjour

VM Arguments:
jvm_args: -javaagent:C:\Program Files\JetBrains\IntelliJ IDEA Community Edition 2024.3.2.1\lib\idea_rt.jar=51966:C:\Program Files\JetBrains\IntelliJ IDEA Community Edition 2024.3.2.1\bin -Dfile.encoding=UTF-8 --module-path=C:\Users\zerovel\.m2\repository\org\openjfx\javafx-base\17.0.6\javafx-base-17.0.6-win.jar;C:\Users\zerovel\.m2\repository\org\openjfx\javafx-fxml\17.0.6\javafx-fxml-17.0.6-win.jar;C:\Users\zerovel\IdeaProjects\first-app\target\classes;C:\Users\zerovel\.m2\repository\org\mindrot\jbcrypt\0.4\jbcrypt-0.4.jar;C:\Users\zerovel\.m2\repository\org\openjfx\javafx-graphics\17.0.6\javafx-graphics-17.0.6-win.jar;C:\Users\zerovel\.m2\repository\org\openjfx\javafx-controls\17.0.6\javafx-controls-17.0.6-win.jar -Djdk.module.main=com.aziz.demo 
java_command: com.aziz.demo/com.aziz.demo.MainApplication
java_class_path (initial): C:\Users\zerovel\.m2\repository\org\openjfx\javafx-controls\17.0.6\javafx-controls-17.0.6.jar;C:\Users\zerovel\.m2\repository\org\openjfx\javafx-graphics\17.0.6\javafx-graphics-17.0.6.jar;C:\Users\zerovel\.m2\repository\org\openjfx\javafx-base\17.0.6\javafx-base-17.0.6.jar;C:\Users\zerovel\.m2\repository\org\openjfx\javafx-fxml\17.0.6\javafx-fxml-17.0.6.jar;C:\Users\zerovel\.m2\repository\org\postgresql\postgresql\42.5.0\postgresql-42.5.0.jar;C:\Users\zerovel\.m2\repository\org\checkerframework\checker-qual\3.5.0\checker-qual-3.5.0.jar
Launcher Type: SUN_STANDARD

[Global flags]
     intx CICompilerCount                          = 4                                         {product} {ergonomic}
     uint ConcGCThreads                            = 3                                         {product} {ergonomic}
     uint G1ConcRefinementThreads                  = 10                                        {product} {ergonomic}
   size_t G1HeapRegionSize                         = 2097152                                   {product} {ergonomic}
    uintx GCDrainStackTargetSize                   = 64                                        {product} {ergonomic}
   size_t InitialHeapSize                          = 264241152                                 {product} {ergonomic}
   size_t MarkStackSize                            = 4194304                                   {product} {ergonomic}
   size_t MaxHeapSize                              = 4223664128                                {product} {ergonomic}
   size_t MaxNewSize                               = 2533359616                                {product} {ergonomic}
   size_t MinHeapDeltaBytes                        = 2097152                                   {product} {ergonomic}
   size_t MinHeapSize                              = 8388608                                   {product} {ergonomic}
    uintx NonNMethodCodeHeapSize                   = 5839372                                {pd product} {ergonomic}
    uintx NonProfiledCodeHeapSize                  = 122909434                              {pd product} {ergonomic}
    uintx ProfiledCodeHeapSize                     = 122909434                              {pd product} {ergonomic}
    uintx ReservedCodeCacheSize                    = 251658240                              {pd product} {ergonomic}
     bool SegmentedCodeCache                       = true                                      {product} {ergonomic}
   size_t SoftMaxHeapSize                          = 4223664128                             {manageable} {ergonomic}
     bool UseCompressedClassPointers               = true                           {product lp64_product} {ergonomic}
     bool UseCompressedOops                        = true                           {product lp64_product} {ergonomic}
     bool UseG1GC                                  = true                                      {product} {ergonomic}
     bool UseLargePagesIndividualAllocation        = false                                  {pd product} {ergonomic}

Logging:
Log output configuration:
 #0: stdout all=off uptime,level,tags
 #1: stderr all=off uptime,level,tags

Environment Variables:
JAVA_HOME=C:\Program Files\Java\jdk-17
PATH=C:\Program Files (x86)\dotnet\;C:\Program Files\Common Files\Oracle\Java\javapath;C:\Windows\system32;C:\Windows;C:\Windows\System32\Wbem;C:\Windows\System32\WindowsPowerShell\v1.0\;C:\Windows\System32\OpenSSH\;C:\Program Files\nodejs\;C:\ProgramData\chocolatey\bin;C:\xampp\php;C:\Users\zerovel\php-8.3.8-src;C:\ProgramData\ComposerSetup\bin;C:\Program Files\Git\cmd;C:\Users\zerovel\AppData\Roaming\Composer\vendor\bin;C:\Program Files\dotnet\;C:\Program Files\Microsoft SQL Server\150\Tools\Binn\;C:\Program Files\Microsoft SQL Server\Client SDK\ODBC\170\Tools\Binn\;C:\sqlite-dll-win-x64-3470200;C:\Program Files\PostgreSQL\16\bin;;C:\Program Files\Docker\Docker\resources\bin;C:\Program Files\MySQL\MySQL Shell 8.0\bin\;C:\Users\zerovel\AppData\Local\Programs\Python\Python312\Scripts\;C:\Users\zerovel\AppData\Local\Programs\Python\Python312\;C:\Users\zerovel\AppData\Local\Microsoft\WindowsApps;;C:\Users\zerovel\AppData\Local\Programs\Microsoft VS Code\bin;C:\Program Files\JetBrains\PyCharm Community Edition 2023.3.4\bin;;C:\Users\zerovel\AppData\Roaming\npm;C:\Users\zerovel\AppData\Roaming\Composer\vendor\bin;C:\Users\zerovel\.dotnet\tools;C:\Program Files\JetBrains\IntelliJ IDEA Community Edition 2024.3.2.1\bin;
USERNAME=zerovel
OS=Windows_NT
PROCESSOR_IDENTIFIER=Intel64 Family 6 Model 141 Stepping 1, GenuineIntel



---------------  S Y S T E M  ---------------

OS:
 Windows 10 , 64 bit Build 19041 (10.0.19041.5198)
OS uptime: 0 days 0:29 hours
Hyper-V role detected

CPU: total 12 (initial active 12) (6 cores per cpu, 2 threads per core) family 6 model 141 stepping 1 microcode 0x34, cx8, cmov, fxsr, ht, mmx, 3dnowpref, sse, sse2, sse3, ssse3, sse4.1, sse4.2, popcnt, lzcnt, tsc, tscinvbit, avx, avx2, aes, erms, clmul, bmi1, bmi2, adx, avx512f, avx512dq, avx512cd, avx512bw, avx512vl, sha, fma, vzeroupper, avx512_vpopcntdq, avx512_vpclmulqdq, avx512_vaes, avx512_vnni, clflush, clflushopt, clwb, avx512_vbmi2, avx512_vbmi, hv

Memory: 4k page, system-wide physical 16106M (7606M free)
TotalPageFile size 29930M (AvailPageFile size 19290M)
current process WorkingSet (physical memory assigned to process): 198M, peak: 200M
current process commit charge ("private bytes"): 451M, peak: 455M

vm_info: Java HotSpot(TM) 64-Bit Server VM (17.0.10+11-LTS-240) for windows-amd64 JRE (17.0.10+11-LTS-240), built on Dec 19 2023 21:47:25 by "mach5one" with MS VC++ 17.1 (VS2022)

END.
